<?xml version="1.0" encoding="UTF-8"?>
<testng-results skipped="0" failed="0" ignored="0" total="1" passed="1">
  <reporter-output>
  </reporter-output>
  <suite name="Default suite" duration-ms="3633" started-at="2020-04-27T12:30:46 IST" finished-at="2020-04-27T12:30:50 IST">
    <groups>
    </groups>
    <test name="Default test" duration-ms="3633" started-at="2020-04-27T12:30:46 IST" finished-at="2020-04-27T12:30:50 IST">
      <class name="com.tyss.test.CreateResourceTest">
        <test-method status="PASS" signature="tc_01()[pri:0, instance:com.tyss.test.CreateResourceTest@2d8f65a4]" name="tc_01" duration-ms="3509" started-at="2020-04-27T12:30:47 IST" finished-at="2020-04-27T12:30:50 IST">
          <reporter-output>
          </reporter-output>
        </test-method> <!-- tc_01 -->
      </class> <!-- com.tyss.test.CreateResourceTest -->
    </test> <!-- Default test -->
  </suite> <!-- Default suite -->
</testng-results>
